<?xml version="1.0" encoding="UTF-8"?>
<!-- Generated by org.testng.reporters.JUnitReportReporter -->
<testsuite hostname="LAPTOP-A47AFV1G" failures="0" tests="1" name="example.example.tests.AmazonSearchTest" time="8.059" errors="0" timestamp="06 Oct 2021 15:19:00 GMT" skipped="0">
  <testcase classname="example.example.tests.AmazonSearchTest" name="amazonSearchTest" time="8.059"/>
</testsuite> <!-- example.example.tests.AmazonSearchTest -->
